<?xml version="1.0" encoding="UTF-8"?>
<!-- Generated by org.testng.reporters.JUnitReportReporter -->
<testsuite hostname="ImransDell" failures="0" tests="1" name="com.example.test.Testcase" time="15.785" errors="0" timestamp="2023-07-12T16:06:25 IST" skipped="0">
  <testcase classname="com.example.test.Testcase" name="launchFbUsingExcel" time="15.785"/>
  <system-out/>
</testsuite> <!-- com.example.test.Testcase -->
